[0;34mDate de démarrage: 10/04/2025 12:10:09[0m
[0;34mJournal: logs/fix_all_performance_20250410_121009.log[0m
[0;36mCe script va exécuter plusieurs outils pour corriger les problèmes[0m
[0;36mde performance, de mémoire et d'utilisation de CoreData dans votre projet.[0m
[1;33mLes corrections appliquées incluent:[0m
[1;33m✓ Ajout de [weak self] dans les closures[0m
[1;33m✓ Optimisation des requêtes CoreData[0m
[1;33m✓ Ajout de @MainActor aux méthodes appropriées[0m
[1;33m✓ Correction des références fortes à des délégués[0m
[1;33m✓ Amélioration de la gestion d'erreurs[0m
[0;34m
[1m[0;36m=== Vérification de l'environnement ===[0m[0m
[0;32m✅ Swift trouvé: Apple Swift version 6.1 (swiftlang-6.1.0.110.21 clang-1700.0.13.3)[0m
[0;32m✅ Xcode trouvé: Xcode 16.3[0m
[0;34m[1m[0;36m=== Analyse de Performance ===[0m[0m
[0;36mExécution de performance_analyzer.sh...[0m
[0;34m[1m[0;36m=== DÉMARRAGE DE L'ANALYSE DE PERFORMANCE GLOBALE ===[0m[0m
[0;36mDate: 10/04/2025 12:12:12[0m
[0;36mProjet: /Users/alox/Downloads/CardsNew/Cards_Fixed/CardApp 22-38-19-211[0m
[0;36mRapports: reports/performance_20250410_121212[0m

[0;34m
[1m🔍 Analyse des fuites mémoire...[0m[0m
[0;36mRecherche des cycles de référence potentiels...[0m
grep: invalid repetition count(s)
[0;32m✅ Aucune fuite mémoire potentielle détectée[0m
[0;34m
[1m🔍 Analyse de performance CoreData...[0m[0m
[0;36mRecherche des requêtes non optimisées...[0m
[1;33m⚠️ Détecté      118 requêtes sans fetchBatchSize[0m
[1;33m⚠️ Détecté       47 opérations viewContext sans @MainActor[0m
[0;34m
[1m🔍 Exécution de l'analyseur statique Python...[0m[0m
[0;36mAnalyse des problèmes de mémoire et concurrence...[0m
usage: swift_analyzer.py [-h] [-o OUTPUT]
                         [-t {memory,concurrency,coredata,dependency,all} [{memory,concurrency,coredata,dependency,all} ...]]
                         [-v]
                         project_path
swift_analyzer.py: error: unrecognized arguments: --include-memory --include-concurrency --include-coredata
[0;31m❌ Échec de l'analyse Python[0m
[0;34m
[1m🔍 Exécution de l'analyseur de performance Rust...[0m[0m
[0;36mAnalyse multi-thread des problèmes de performance...[0m
[0;31m❌ cargo n'est pas installé[0m
[1;33m⚠️ L'analyse Rust a été ignorée car Cargo n'est pas installé[0m
[0;34m
[1m🔍 Exécution du diagnostic CoreData Swift...[0m[0m
[1;33m⚠️ Le fichier de diagnostic CoreData n'existe pas[0m
[0;34m
[1m📝 Génération du rapport de synthèse...[0m[0m
[0;32m✅ Rapport de synthèse généré: reports/performance_20250410_121212/summary.md[0m

[1m[0;36m=== RÉSUMÉ DE L'ANALYSE DE PERFORMANCE ===[0m


Date: 10/04/2025 12:12:13


Cette analyse a identifié plusieurs problèmes de performance dans l'application CardApp.
Les sections ci-dessous détaillent les résultats de chaque type d'analyse.


1. **Fuites mémoire** : Ajouter systématiquement `[weak self]` dans les closures
2. **Performance CoreData** : Utiliser `fetchBatchSize` et `fetchLimit` pour toutes les requêtes
3. **Concurrence** : Ajouter `@MainActor` aux méthodes utilisant `viewContext`
4. **Optimisation des modèles** : Créer des index pour les attributs fréquemment recherchés
5. **Contextes** : Utiliser des contextes d'arrière-plan pour les opérations lourdes


Exécutez les scripts de correction automatique pour résoudre ces problèmes :

```bash
./analysis_tools/fix_memory_leaks.sh    # Corrige les cycles de référence
./analysis_tools/fix_coredata_perf.sh   # Optimise les requêtes CoreData
```

Pour une correction complète de tous les problèmes identifiés :

```bash
./analysis_tools/fix_all_performance.sh
```

[0;34m📝 Rapports complets disponibles dans: reports/performance_20250410_121212[0m
[0;34m
[1m📊 Génération du rapport HTML...[0m[0m
[0;36mCréation du rapport visuel...[0m

> cardapp-analysis-visualizer@1.0.0 start
> node src/cli.js --reports reports/performance_20250410_121212/*.json --output reports/performance_20250410_121212/rapport_performance.html --format html

node:internal/modules/cjs/loader:1247
  throw err;
  ^

Error: Cannot find module 'fs-extra'
Require stack:
- /Users/alox/Downloads/CardsNew/Cards_Fixed/CardApp 22-38-19-211/analysis_tools/node_visualizer/src/cli.js
    at Function._resolveFilename (node:internal/modules/cjs/loader:1244:15)
    at Function._load (node:internal/modules/cjs/loader:1070:27)
    at TracingChannel.traceSync (node:diagnostics_channel:322:14)
    at wrapModuleLoad (node:internal/modules/cjs/loader:217:24)
    at Module.require (node:internal/modules/cjs/loader:1335:12)
    at require (node:internal/modules/helpers:136:16)
    at Object.<anonymous> (/Users/alox/Downloads/CardsNew/Cards_Fixed/CardApp 22-38-19-211/analysis_tools/node_visualizer/src/cli.js:8:12)
    at Module._compile (node:internal/modules/cjs/loader:1562:14)
    at Object..js (node:internal/modules/cjs/loader:1699:10)
    at Module.load (node:internal/modules/cjs/loader:1313:32) {
  code: 'MODULE_NOT_FOUND',
  requireStack: [
    '/Users/alox/Downloads/CardsNew/Cards_Fixed/CardApp 22-38-19-211/analysis_tools/node_visualizer/src/cli.js'
  ]
}

Node.js v22.13.1
[0;31m❌ Échec de la génération du rapport HTML[0m
[0;32m[1m[0;32m=== ANALYSE DE PERFORMANCE TERMINÉE ===[0m[0m
[0;36m📊 Consultez les rapports dans: reports/performance_20250410_121212[0m
[0;32m✅ performance_analyzer.sh exécuté avec succès[0m
[0;34m[1m[0;36m=== Correction des Fuites Mémoire ===[0m[0m
[0;36mExécution de fix_memory_leaks.sh...[0m
[0;34m[1m[0;36m=== DÉMARRAGE DES CORRECTIONS DE FUITES MÉMOIRE ===[0m[0m
[0;36mDate: 10/04/2025 12:12:15[0m
[0;36mRépertoire de sauvegarde: backups_memory_leaks_20250410_121215[0m

[0;34m
[1m🔍 Analyse des closures sans [weak self]...[0m[0m
[0;36mAnalyse de ./Core/Extensions/NSManagedObjectContext+Async.swift...[0m
[0;34mSauvegarde créée: backups_memory_leaks_20250410_121215/NSManagedObjectContext+Async.swift[0m
[0;32m✅ Corrigé 0/       2 fuites potentielles dans ./Core/Extensions/NSManagedObjectContext+Async.swift[0m
[0;36mAnalyse de ./Core/Utilities/Extensions/ViewExtensions.swift...[0m
[0;32m✓ Aucune fuite potentielle détectée dans ./Core/Utilities/Extensions/ViewExtensions.swift[0m
[0;36mAnalyse de ./Core/Utilities/Base/Combine+Async.swift...[0m
[0;34mSauvegarde créée: backups_memory_leaks_20250410_121215/Combine+Async.swift[0m
[0;32m✅ Corrigé 0/       2 fuites potentielles dans ./Core/Utilities/Base/Combine+Async.swift[0m
[0;36mAnalyse de ./Core/Persistence/CoreDataMigration.swift...[0m
[0;32m✓ Aucune fuite potentielle détectée dans ./Core/Persistence/CoreDataMigration.swift[0m
[0;36mAnalyse de ./Core/Persistence/CoreDataConversionUtils.swift...[0m
[0;32m✓ Aucune fuite potentielle détectée dans ./Core/Persistence/CoreDataConversionUtils.swift[0m
[0;36mAnalyse de ./Core/Protocols/CloudSyncServiceProtocol.swift...[0m
[0;32m✓ Aucune fuite potentielle détectée dans ./Core/Protocols/CloudSyncServiceProtocol.swift[0m
[0;36mAnalyse de ./Core/Services/Statistics/StatisticsServiceProtocol.swift...[0m
[0;32m✓ Aucune fuite potentielle détectée dans ./Core/Services/Statistics/StatisticsServiceProtocol.swift[0m
[0;36mAnalyse de ./Core/Services/Unified/UnifiedTagService.swift...[0m
[0;34mSauvegarde créée: backups_memory_leaks_20250410_121215/UnifiedTagService.swift[0m
[0;32m✅ Corrigé 1/       6 fuites potentielles dans ./Core/Services/Unified/UnifiedTagService.swift[0m
[0;36mAnalyse de ./Core/Services/Unified/UnifiedCardService.swift...[0m
[0;32m✓ Aucune fuite potentielle détectée dans ./Core/Services/Unified/UnifiedCardService.swift[0m
[0;36mAnalyse de ./Core/Services/Unified/UnifiedStudyService.swift...[0m
[0;32m✓ Aucune fuite potentielle détectée dans ./Core/Services/Unified/UnifiedStudyService.swift[0m
[0;36mAnalyse de ./Core/Services/Unified/UnifiedDeckService.swift...[0m
[0;32m✓ Aucune fuite potentielle détectée dans ./Core/Services/Unified/UnifiedDeckService.swift[0m
[0;36mAnalyse de ./Core/Services/Tags/TagService.swift...[0m
[0;32m✓ Aucune fuite potentielle détectée dans ./Core/Services/Tags/TagService.swift[0m
[0;36mAnalyse de ./Core/Services/Tags/TagItemAssociationService.swift...[0m
[0;32m✓ Aucune fuite potentielle détectée dans ./Core/Services/Tags/TagItemAssociationService.swift[0m
[0;36mAnalyse de ./Core/Services/Base/DataManagementService.swift...[0m
[0;32m✓ Aucune fuite potentielle détectée dans ./Core/Services/Base/DataManagementService.swift[0m
[0;36mAnalyse de ./Core/Services/Stats/StatisticsViewModel.swift...[0m
[0;32m✓ Aucune fuite potentielle détectée dans ./Core/Services/Stats/StatisticsViewModel.swift[0m
[0;36mAnalyse de ./Core/Services/Stats/StatisticsView.swift...[0m
[0;32m✓ Aucune fuite potentielle détectée dans ./Core/Services/Stats/StatisticsView.swift[0m
[0;36mAnalyse de ./App/AppStartup.swift...[0m
[0;32m✓ Aucune fuite potentielle détectée dans ./App/AppStartup.swift[0m
[0;36mAnalyse de ./App/AppMain.swift...[0m
[0;32m✓ Aucune fuite potentielle détectée dans ./App/AppMain.swift[0m
[0;36mAnalyse de ./analysis_tools/swift_coredata_diagnostic/CoreDataDiagnostic.swift...[0m
[0;32m✓ Aucune fuite potentielle détectée dans ./analysis_tools/swift_coredata_diagnostic/CoreDataDiagnostic.swift[0m
[0;34m
[1m🔍 Analyse des délégués sans weak...[0m[0m
[0;36mAnalyse de ./App/AppMain.swift...[0m
[0;34mSauvegarde créée: backups_memory_leaks_20250410_121215/AppMain.swift[0m
[0;32m✅ Ajout de weak à 0 délégués dans ./App/AppMain.swift[0m
[0;32m
[1m[0;32m=== CORRECTIONS TERMINÉES ===[0m[0m
[0;32m✅ 1/10 fuites potentielles corrigées dans 4/      19 fichiers[0m
[0;36m📝 Journal des modifications: logs/memory_leak_fixes_20250410_121215.log[0m
[0;36m📊 Rapport détaillé: backups_memory_leaks_20250410_121215/memory_leaks_report.md[0m
[0;36m💾 Les fichiers originaux ont été sauvegardés dans: backups_memory_leaks_20250410_121215[0m

[1;33m[1;33mNote: Certaines modifications complexes peuvent nécessiter une vérification manuelle.[0m[0m
[1;33m[1;33mNous vous recommandons de compiler et tester l'application après ces modifications.[0m[0m
[0;32m✅ fix_memory_leaks.sh exécuté avec succès[0m
[0;34m[1m[0;36m=== Optimisation CoreData ===[0m[0m
[0;36mExécution de fix_coredata_perf.sh...[0m
[0;34m[1m[0;36m=== DÉMARRAGE DES CORRECTIONS DE PERFORMANCE COREDATA ===[0m[0m
[0;36mDate: 10/04/2025 12:12:17[0m
[0;36mRépertoire de sauvegarde: backups_coredata_perf_20250410_121217[0m

[0;34m
[1m🔧 Ajout de fetchBatchSize aux requêtes...[0m[0m
[0;36mAnalyse de ./backups_memory_leaks_20250410_121215/UnifiedTagService.swift...[0m
[1;33m⏩ Fichier déjà optimisé ou ne contient pas de NSFetchRequest[0m
[0;36mAnalyse de ./Core/Tools/CoreDataOptimizer.swift...[0m
[1;33m⏩ Fichier déjà optimisé ou ne contient pas de NSFetchRequest[0m
[0;36mAnalyse de ./Core/Managers/CoreDataManager.swift...[0m
[1;33m⏩ Fichier déjà optimisé ou ne contient pas de NSFetchRequest[0m
[0;36mAnalyse de ./Core/Models/Data/MediaEntity.swift...[0m
[0;34mSauvegarde créée: backups_coredata_perf_20250410_121217/MediaEntity.swift[0m
[0;32m✅ Ajout de fetchBatchSize à ./Core/Models/Data/MediaEntity.swift[0m
[0;36mAnalyse de ./Core/Models/Data/DeckEntity.swift...[0m
[0;34mSauvegarde créée: backups_coredata_perf_20250410_121217/DeckEntity.swift[0m
[0;32m✅ Ajout de fetchBatchSize à ./Core/Models/Data/DeckEntity.swift[0m
[0;36mAnalyse de ./Core/Models/Data/StudySessionEntity.swift...[0m
[0;34mSauvegarde créée: backups_coredata_perf_20250410_121217/StudySessionEntity.swift[0m
[0;32m✅ Ajout de fetchBatchSize à ./Core/Models/Data/StudySessionEntity.swift[0m
[0;36mAnalyse de ./Core/Models/Data/CardEntity.swift...[0m
[0;34mSauvegarde créée: backups_coredata_perf_20250410_121217/CardEntity.swift[0m
[0;32m✅ Ajout de fetchBatchSize à ./Core/Models/Data/CardEntity.swift[0m
[0;36mAnalyse de ./Core/Models/Data/TagEntity.swift...[0m
[0;34mSauvegarde créée: backups_coredata_perf_20250410_121217/TagEntity.swift[0m
[0;32m✅ Ajout de fetchBatchSize à ./Core/Models/Data/TagEntity.swift[0m
[0;36mAnalyse de ./Core/Models/Data/CardReviewEntity.swift...[0m
[0;34mSauvegarde créée: backups_coredata_perf_20250410_121217/CardReviewEntity.swift[0m
[0;32m✅ Ajout de fetchBatchSize à ./Core/Models/Data/CardReviewEntity.swift[0m
[0;36mAnalyse de ./Core/Models/Data/TagItemAssociationEntity.swift...[0m
[0;34mSauvegarde créée: backups_coredata_perf_20250410_121217/TagItemAssociationEntity.swift[0m
[0;32m✅ Ajout de fetchBatchSize à ./Core/Models/Data/TagItemAssociationEntity.swift[0m
[0;36mAnalyse de ./Core/Protocols/DataManagementServiceProtocol.swift...[0m
[0;34mSauvegarde créée: backups_coredata_perf_20250410_121217/DataManagementServiceProtocol.swift[0m
[0;32m✅ Ajout de fetchBatchSize à ./Core/Protocols/DataManagementServiceProtocol.swift[0m
[0;36mAnalyse de ./Core/Services/Study/StudyService.swift...[0m
[1;33m⏩ Fichier déjà optimisé ou ne contient pas de NSFetchRequest[0m
[0;36mAnalyse de ./Core/Services/Example/ThreadSafeCoreDataService.swift...[0m
[1;33m⏩ Fichier déjà optimisé ou ne contient pas de NSFetchRequest[0m
[0;36mAnalyse de ./Core/Services/Unified/UnifiedTagService.swift...[0m
[1;33m⏩ Fichier déjà optimisé ou ne contient pas de NSFetchRequest[0m
[0;36mAnalyse de ./Core/Services/Unified/UnifiedCardService.swift...[0m
[1;33m⏩ Fichier déjà optimisé ou ne contient pas de NSFetchRequest[0m
[0;36mAnalyse de ./Core/Services/Unified/UnifiedStudyService.swift...[0m
[1;33m⏩ Fichier déjà optimisé ou ne contient pas de NSFetchRequest[0m
[0;36mAnalyse de ./Core/Services/Unified/UnifiedDeckService.swift...[0m
[1;33m⏩ Fichier déjà optimisé ou ne contient pas de NSFetchRequest[0m
[0;36mAnalyse de ./Core/Services/Base/DataManagementService.swift...[0m
[1;33m⏩ Fichier déjà optimisé ou ne contient pas de NSFetchRequest[0m
[0;36mAnalyse de ./Core/Debug/CoreDataDiagnostics.swift...[0m
[0;34mSauvegarde créée: backups_coredata_perf_20250410_121217/CoreDataDiagnostics.swift[0m
[0;32m✅ Ajout de fetchBatchSize à ./Core/Debug/CoreDataDiagnostics.swift[0m
[0;36mAnalyse de ./analysis_tools/swift_coredata_diagnostic/CoreDataDiagnostic.swift...[0m
[0;34mSauvegarde créée: backups_coredata_perf_20250410_121217/CoreDataDiagnostic.swift[0m
[0;32m✅ Ajout de fetchBatchSize à ./analysis_tools/swift_coredata_diagnostic/CoreDataDiagnostic.swift[0m
[0;36mAnalyse de ./analysis_tools/swift_coredata_diagnostic/CoreDataFixer.swift...[0m
[1;33m⏩ Fichier déjà optimisé ou ne contient pas de NSFetchRequest[0m
[0;36mAnalyse de ./CoreDataOptimizer.swift...[0m
[1;33m⏩ Fichier déjà optimisé ou ne contient pas de NSFetchRequest[0m
[0;34m
[1m🔧 Ajout de @MainActor aux méthodes utilisant viewContext...[0m[0m
[0;36mAnalyse de ./backups_memory_leaks_20250410_121215/UnifiedTagService.swift...[0m
[1;33m⏩ Fichier déjà optimisé ou ne contient pas de viewContext[0m
[0;36mAnalyse de ./Core/DI/DependencyContainer.swift...[0m
[1;33m⏩ Fichier déjà optimisé ou ne contient pas de viewContext[0m
[0;36mAnalyse de ./Core/Managers/CoreDataManager.swift...[0m
[1;33m⏩ Fichier déjà optimisé ou ne contient pas de viewContext[0m
[0;36mAnalyse de ./Core/Persistence/PersistenceController.swift...[0m
[1;33m⏩ Fichier déjà optimisé ou ne contient pas de viewContext[0m
[0;36mAnalyse de ./Core/Services/Unified/UnifiedTagService.swift...[0m
[1;33m⏩ Fichier déjà optimisé ou ne contient pas de viewContext[0m
[0;36mAnalyse de ./Core/Services/Unified/UnifiedCardService.swift...[0m
[1;33m⏩ Fichier déjà optimisé ou ne contient pas de viewContext[0m
[0;36mAnalyse de ./Core/Services/Unified/UnifiedStudyService.swift...[0m
[1;33m⏩ Fichier déjà optimisé ou ne contient pas de viewContext[0m
[0;36mAnalyse de ./Core/Services/Unified/UnifiedDeckService.swift...[0m
[1;33m⏩ Fichier déjà optimisé ou ne contient pas de viewContext[0m
[0;36mAnalyse de ./Core/Services/AppDelegate.swift...[0m
[1;33m⏩ Fichier déjà optimisé ou ne contient pas de viewContext[0m
[0;36mAnalyse de ./Core/Services/Base/DataManagementService.swift...[0m
[1;33m⏩ Fichier déjà optimisé ou ne contient pas de viewContext[0m
[0;36mAnalyse de ./analysis_tools/swift_coredata_diagnostic/CoreDataDiagnostic.swift...[0m
[0;34mSauvegarde créée: backups_coredata_perf_20250410_121217/CoreDataDiagnostic.swift[0m
[0;32m✅ Ajout de @MainActor à ./analysis_tools/swift_coredata_diagnostic/CoreDataDiagnostic.swift[0m
[0;36mAnalyse de ./analysis_tools/swift_coredata_diagnostic/CoreDataFixer.swift...[0m
[0;34mSauvegarde créée: backups_coredata_perf_20250410_121217/CoreDataFixer.swift[0m
[0;32m✅ Ajout de @MainActor à ./analysis_tools/swift_coredata_diagnostic/CoreDataFixer.swift[0m
[0;36mAnalyse de ./run_core_data_optimizer.swift...[0m
[1;33m⏩ Fichier déjà optimisé ou ne contient pas de viewContext[0m
[0;36mAnalyse de ./CoreDataOptimizer.swift...[0m
[0;34mSauvegarde créée: backups_coredata_perf_20250410_121217/CoreDataOptimizer.swift[0m
[0;32m✅ Ajout de @MainActor à ./CoreDataOptimizer.swift[0m
[0;34m
[1m🔧 Optimisation des contextes d'arrière-plan...[0m[0m
[0;36mAnalyse de ./.build/checkouts/swift-collections/Sources/OrderedCollections/OrderedSet/OrderedSet.swift...[0m
[1;33m⏩ Fichier déjà optimisé ou ne nécessite pas d'optimisation[0m
[0;36mAnalyse de ./.build/checkouts/swift-collections/Sources/OrderedCollections/OrderedSet/OrderedSet+Partial...[0m
grep: ./.build/checkouts/swift-collections/Sources/OrderedCollections/OrderedSet/OrderedSet+Partial: No such file or directory
[1;33m⏩ Fichier déjà optimisé ou ne nécessite pas d'optimisation[0m
[0;36mAnalyse de RangeReplaceableCollection.swift...[0m
grep: RangeReplaceableCollection.swift: No such file or directory
[1;33m⏩ Fichier déjà optimisé ou ne nécessite pas d'optimisation[0m
[0;36mAnalyse de ./.build/checkouts/swift-collections/Sources/OrderedCollections/HashTable/_HashTable+UnsafeHandle.swift...[0m
[1;33m⏩ Fichier déjà optimisé ou ne nécessite pas d'optimisation[0m
[0;36mAnalyse de ./.build/index-build/checkouts/swift-collections/Sources/OrderedCollections/OrderedSet/OrderedSet.swift...[0m
[1;33m⏩ Fichier déjà optimisé ou ne nécessite pas d'optimisation[0m
[0;36mAnalyse de ./.build/index-build/checkouts/swift-collections/Sources/OrderedCollections/OrderedSet/OrderedSet+Partial...[0m
grep: ./.build/index-build/checkouts/swift-collections/Sources/OrderedCollections/OrderedSet/OrderedSet+Partial: No such file or directory
[1;33m⏩ Fichier déjà optimisé ou ne nécessite pas d'optimisation[0m
[0;36mAnalyse de RangeReplaceableCollection.swift...[0m
grep: RangeReplaceableCollection.swift: No such file or directory
[1;33m⏩ Fichier déjà optimisé ou ne nécessite pas d'optimisation[0m
[0;36mAnalyse de ./.build/index-build/checkouts/swift-collections/Sources/OrderedCollections/HashTable/_HashTable+UnsafeHandle.swift...[0m
[1;33m⏩ Fichier déjà optimisé ou ne nécessite pas d'optimisation[0m
[0;36mAnalyse de ./backups_memory_leaks_20250410_121215/UnifiedTagService.swift...[0m
[0;34mSauvegarde créée: backups_coredata_perf_20250410_121217/UnifiedTagService.swift[0m
[0;32m✅ Optimisation des contextes dans ./backups_memory_leaks_20250410_121215/UnifiedTagService.swift[0m
[0;36mAnalyse de ./Core/Tools/CoreDataOptimizer.swift...[0m
[1;33m⏩ Fichier déjà optimisé ou ne nécessite pas d'optimisation[0m
[0;36mAnalyse de ./Core/Managers/CoreDataManager.swift...[0m
[0;34mSauvegarde créée: backups_coredata_perf_20250410_121217/CoreDataManager.swift[0m
[1;33m⚠️ Des modifications manuelles plus complexes sont nécessaires pour ./Core/Managers/CoreDataManager.swift[0m
[0;36mAnalyse de ./Core/Persistence/CoreDataModel.swift...[0m
[1;33m⏩ Fichier déjà optimisé ou ne nécessite pas d'optimisation[0m
[0;36mAnalyse de ./Core/Persistence/PersistenceController.swift...[0m
[1;33m⏩ Fichier déjà optimisé ou ne nécessite pas d'optimisation[0m
[0;36mAnalyse de ./Core/Services/Study/StudyService.swift...[0m
[1;33m⏩ Fichier déjà optimisé ou ne nécessite pas d'optimisation[0m
[0;36mAnalyse de ./Core/Services/Example/ThreadSafeCoreDataService.swift...[0m
[1;33m⏩ Fichier déjà optimisé ou ne nécessite pas d'optimisation[0m
[0;36mAnalyse de ./Core/Services/Unified/UnifiedTagService.swift...[0m
[0;34mSauvegarde créée: backups_coredata_perf_20250410_121217/UnifiedTagService.swift[0m
[0;32m✅ Optimisation des contextes dans ./Core/Services/Unified/UnifiedTagService.swift[0m
[0;36mAnalyse de ./Core/Services/Unified/UnifiedCardService.swift...[0m
[0;34mSauvegarde créée: backups_coredata_perf_20250410_121217/UnifiedCardService.swift[0m
[0;32m✅ Optimisation des contextes dans ./Core/Services/Unified/UnifiedCardService.swift[0m
[0;36mAnalyse de ./Core/Services/Unified/UnifiedStudyService.swift...[0m
[0;34mSauvegarde créée: backups_coredata_perf_20250410_121217/UnifiedStudyService.swift[0m
[0;32m✅ Optimisation des contextes dans ./Core/Services/Unified/UnifiedStudyService.swift[0m
[0;36mAnalyse de ./Core/Services/Unified/UnifiedDeckService.swift...[0m
[0;34mSauvegarde créée: backups_coredata_perf_20250410_121217/UnifiedDeckService.swift[0m
[0;32m✅ Optimisation des contextes dans ./Core/Services/Unified/UnifiedDeckService.swift[0m
[0;36mAnalyse de ./Core/Services/Tags/TagService.swift...[0m
[1;33m⏩ Fichier déjà optimisé ou ne nécessite pas d'optimisation[0m
[0;36mAnalyse de ./Core/Services/Tags/TagItemAssociationService.swift...[0m
[1;33m⏩ Fichier déjà optimisé ou ne nécessite pas d'optimisation[0m
[0;36mAnalyse de ./Core/Services/AppDelegate.swift...[0m
[1;33m⏩ Fichier déjà optimisé ou ne nécessite pas d'optimisation[0m
[0;36mAnalyse de ./Core/Services/Base/DataManagementService.swift...[0m
[0;34mSauvegarde créée: backups_coredata_perf_20250410_121217/DataManagementService.swift[0m
[0;32m✅ Optimisation des contextes dans ./Core/Services/Base/DataManagementService.swift[0m
[0;36mAnalyse de ./Core/Debug/CoreDataDiagnostics.swift...[0m
[1;33m⏩ Fichier déjà optimisé ou ne nécessite pas d'optimisation[0m
[0;36mAnalyse de ./analysis_tools/swift_coredata_diagnostic/CoreDataDiagnostic.swift...[0m
[0;34mSauvegarde créée: backups_coredata_perf_20250410_121217/CoreDataDiagnostic.swift[0m
[1;33m⚠️ Des modifications manuelles plus complexes sont nécessaires pour ./analysis_tools/swift_coredata_diagnostic/CoreDataDiagnostic.swift[0m
[0;36mAnalyse de ./analysis_tools/swift_coredata_diagnostic/CoreDataFixer.swift...[0m
[1;33m⏩ Fichier déjà optimisé ou ne nécessite pas d'optimisation[0m
[0;36mAnalyse de ./run_core_data_optimizer.swift...[0m
[1;33m⏩ Fichier déjà optimisé ou ne nécessite pas d'optimisation[0m
[0;36mAnalyse de ./CoreDataOptimizer.swift...[0m
[0;34mSauvegarde créée: backups_coredata_perf_20250410_121217/CoreDataOptimizer.swift[0m
[1;33m⚠️ Des modifications manuelles plus complexes sont nécessaires pour ./CoreDataOptimizer.swift[0m
[0;34m
[1m🔧 Ajout de la gestion d'erreurs pour les opérations CoreData...[0m[0m
[0;36mAnalyse de ./backups_memory_leaks_20250410_121215/UnifiedTagService.swift...[0m
[1;33m⏩ Fichier déjà optimisé ou ne nécessite pas d'optimisation[0m
[0;36mAnalyse de ./Core/Managers/CoreDataManager.swift...[0m
[1;33m⏩ Fichier déjà optimisé ou ne nécessite pas d'optimisation[0m
[0;36mAnalyse de ./Core/Persistence/PersistenceController.swift...[0m
[1;33m⏩ Fichier déjà optimisé ou ne nécessite pas d'optimisation[0m
[0;36mAnalyse de ./Core/Services/Study/StudyService.swift...[0m
[1;33m⏩ Fichier déjà optimisé ou ne nécessite pas d'optimisation[0m
[0;36mAnalyse de ./Core/Services/Example/ThreadSafeCoreDataService.swift...[0m
[1;33m⏩ Fichier déjà optimisé ou ne nécessite pas d'optimisation[0m
[0;36mAnalyse de ./Core/Services/Unified/UnifiedTagService.swift...[0m
[1;33m⏩ Fichier déjà optimisé ou ne nécessite pas d'optimisation[0m
[0;36mAnalyse de ./Core/Services/Unified/UnifiedCardService.swift...[0m
[1;33m⏩ Fichier déjà optimisé ou ne nécessite pas d'optimisation[0m
[0;36mAnalyse de ./Core/Services/Unified/UnifiedStudyService.swift...[0m
[1;33m⏩ Fichier déjà optimisé ou ne nécessite pas d'optimisation[0m
[0;36mAnalyse de ./Core/Services/Unified/UnifiedDeckService.swift...[0m
[1;33m⏩ Fichier déjà optimisé ou ne nécessite pas d'optimisation[0m
[0;36mAnalyse de ./Core/Services/Base/DataManagementService.swift...[0m
[1;33m⏩ Fichier déjà optimisé ou ne nécessite pas d'optimisation[0m
[0;36mAnalyse de ./analysis_tools/swift_coredata_diagnostic/CoreDataDiagnostic.swift...[0m
[1;33m⏩ Fichier déjà optimisé ou ne nécessite pas d'optimisation[0m
[0;36mAnalyse de ./analysis_tools/swift_coredata_diagnostic/CoreDataFixer.swift...[0m
[1;33m⏩ Fichier déjà optimisé ou ne nécessite pas d'optimisation[0m
[0;36mAnalyse de ./run_core_data_optimizer.swift...[0m
[1;33m⏩ Fichier déjà optimisé ou ne nécessite pas d'optimisation[0m
[0;36mAnalyse de ./CoreDataOptimizer.swift...[0m
[1;33m⏩ Fichier déjà optimisé ou ne nécessite pas d'optimisation[0m
[0;34m
[1m🔧 Ajout de [weak self] dans les closures CoreData...[0m[0m
[0;36mAnalyse de ./backups_memory_leaks_20250410_121215/UnifiedTagService.swift...[0m
[1;33m⏩ Fichier déjà optimisé ou ne nécessite pas d'optimisation[0m
[0;36mAnalyse de ./backups_memory_leaks_20250410_121215/NSManagedObjectContext+Async.swift...[0m
[0;34mSauvegarde créée: backups_coredata_perf_20250410_121217/NSManagedObjectContext+Async.swift[0m
[0;32m✅ Ajout de [weak self] à ./backups_memory_leaks_20250410_121215/NSManagedObjectContext+Async.swift[0m
[0;36mAnalyse de ./backups_memory_leaks_20250410_121215/AppMain.swift...[0m
[0;34mSauvegarde créée: backups_coredata_perf_20250410_121217/AppMain.swift[0m
[0;32m✅ Ajout de [weak self] à ./backups_memory_leaks_20250410_121215/AppMain.swift[0m
[0;36mAnalyse de ./Core/Extensions/NSManagedObjectContext+Async.swift...[0m
[0;34mSauvegarde créée: backups_coredata_perf_20250410_121217/NSManagedObjectContext+Async.swift[0m
[0;32m✅ Ajout de [weak self] à ./Core/Extensions/NSManagedObjectContext+Async.swift[0m
[0;36mAnalyse de ./Core/Utilities/Extensions/ViewExtensions.swift...[0m
[1;33m⏩ Fichier déjà optimisé ou ne nécessite pas d'optimisation[0m
[0;36mAnalyse de ./Core/Persistence/CoreDataMigration.swift...[0m
[1;33m⏩ Fichier déjà optimisé ou ne nécessite pas d'optimisation[0m
[0;36mAnalyse de ./Core/Persistence/CoreDataConversionUtils.swift...[0m
[1;33m⏩ Fichier déjà optimisé ou ne nécessite pas d'optimisation[0m
[0;36mAnalyse de ./Core/Protocols/CloudSyncServiceProtocol.swift...[0m
[1;33m⏩ Fichier déjà optimisé ou ne nécessite pas d'optimisation[0m
[0;36mAnalyse de ./Core/Services/Statistics/StatisticsServiceProtocol.swift...[0m
[0;34mSauvegarde créée: backups_coredata_perf_20250410_121217/StatisticsServiceProtocol.swift[0m
[0;32m✅ Ajout de [weak self] à ./Core/Services/Statistics/StatisticsServiceProtocol.swift[0m
[0;36mAnalyse de ./Core/Services/Unified/UnifiedTagService.swift...[0m
[1;33m⏩ Fichier déjà optimisé ou ne nécessite pas d'optimisation[0m
[0;36mAnalyse de ./Core/Services/Unified/UnifiedCardService.swift...[0m
[1;33m⏩ Fichier déjà optimisé ou ne nécessite pas d'optimisation[0m
[0;36mAnalyse de ./Core/Services/Unified/UnifiedStudyService.swift...[0m
[1;33m⏩ Fichier déjà optimisé ou ne nécessite pas d'optimisation[0m
[0;36mAnalyse de ./Core/Services/Unified/UnifiedDeckService.swift...[0m
[1;33m⏩ Fichier déjà optimisé ou ne nécessite pas d'optimisation[0m
[0;36mAnalyse de ./Core/Services/Tags/TagService.swift...[0m
[1;33m⏩ Fichier déjà optimisé ou ne nécessite pas d'optimisation[0m
[0;36mAnalyse de ./Core/Services/Tags/TagItemAssociationService.swift...[0m
[0;34mSauvegarde créée: backups_coredata_perf_20250410_121217/TagItemAssociationService.swift[0m
[0;32m✅ Ajout de [weak self] à ./Core/Services/Tags/TagItemAssociationService.swift[0m
[0;36mAnalyse de ./Core/Services/Base/DataManagementService.swift...[0m
[1;33m⏩ Fichier déjà optimisé ou ne nécessite pas d'optimisation[0m
[0;36mAnalyse de ./Core/Services/Stats/StatisticsViewModel.swift...[0m
[1;33m⏩ Fichier déjà optimisé ou ne nécessite pas d'optimisation[0m
[0;36mAnalyse de ./Core/Services/Stats/StatisticsView.swift...[0m
[0;34mSauvegarde créée: backups_coredata_perf_20250410_121217/StatisticsView.swift[0m
[0;32m✅ Ajout de [weak self] à ./Core/Services/Stats/StatisticsView.swift[0m
[0;36mAnalyse de ./App/AppStartup.swift...[0m
[1;33m⏩ Fichier déjà optimisé ou ne nécessite pas d'optimisation[0m
[0;36mAnalyse de ./App/AppMain.swift...[0m
[0;34mSauvegarde créée: backups_coredata_perf_20250410_121217/AppMain.swift[0m
[0;32m✅ Ajout de [weak self] à ./App/AppMain.swift[0m
[0;36mAnalyse de ./analysis_tools/swift_coredata_diagnostic/CoreDataDiagnostic.swift...[0m
[0;34mSauvegarde créée: backups_coredata_perf_20250410_121217/CoreDataDiagnostic.swift[0m
[0;32m✅ Ajout de [weak self] à ./analysis_tools/swift_coredata_diagnostic/CoreDataDiagnostic.swift[0m
[0;32m
[1m[0;32m=== CORRECTIONS TERMINÉES ===[0m[0m
[0;32m✅ Toutes les corrections ont été appliquées[0m
[0;36m📝 Journal des modifications: logs/coredata_perf_fixes_20250410_121217.log[0m
[0;36m💾 Les fichiers originaux ont été sauvegardés dans: backups_coredata_perf_20250410_121217[0m

[1;33m[1;33mNote: Certaines modifications complexes peuvent nécessiter une vérification manuelle.[0m[0m
[1;33m[1;33mNous vous recommandons de compiler et tester l'application après ces modifications.[0m[0m
[0;32m✅ fix_coredata_perf.sh exécuté avec succès[0m
[0;34m[1m[0;36m=== Compilation du projet ===[0m[0m
[0;31m❌ Aucun fichier .xcodeproj ou .xcworkspace trouvé à la racine du projet.[0m
[0;36m[1m[0;36m=====================================================[0m[0m
[0;36m[1m[0;36m    RÉSUMÉ DES CORRECTIONS DE PERFORMANCE    [0m[0m
[0;36m[1m[0;36m=====================================================[0m[0m
[0;32m✅ Analyse et correction des fuites mémoire[0m
[0;32m✅ Optimisation des requêtes CoreData[0m
[0;32m✅ Amélioration de la gestion de concurrence[0m
[0;36m📊 Les rapports détaillés sont disponibles dans les répertoires:[0m
[0;36m   - logs/           - Journaux d'exécution[0m
[0;36m   - reports/        - Rapports d'analyse[0m
[0;36m   - backups_*/      - Sauvegardes des fichiers modifiés[0m
[1;33m[1m[1;33mProchaines étapes recommandées:[0m[0m
[1;33m1. Vérifiez le code corrigé pour vous assurer qu'il fonctionne comme prévu[0m
[1;33m2. Exécutez des tests unitaires et d'intégration[0m
[1;33m3. Utilisez l'Instrument Leaks de Xcode pour vérifier l'absence de fuites mémoire[0m
[1;33m4. Utilisez le Time Profiler pour valider les améliorations de performance[0m
[0;32m[1m[0;32mProcessus de correction de performance terminé avec succès![0m[0m
[0;34mDate de fin: 10/04/2025 12:12:23[0m
