[0;34m[1m[0;36m=== DÉMARRAGE DES CORRECTIONS DE FUITES MÉMOIRE ===[0m[0m
[0;36mDate: 10/04/2025 12:12:15[0m
[0;36mRépertoire de sauvegarde: backups_memory_leaks_20250410_121215[0m
[0;34m
[1m🔍 Analyse des closures sans [weak self]...[0m[0m
[0;36mAnalyse de ./Core/Extensions/NSManagedObjectContext+Async.swift...[0m
[0;34mSauvegarde créée: backups_memory_leaks_20250410_121215/NSManagedObjectContext+Async.swift[0m
[0;32m✅ Corrigé 0/       2 fuites potentielles dans ./Core/Extensions/NSManagedObjectContext+Async.swift[0m
[0;36mAnalyse de ./Core/Utilities/Extensions/ViewExtensions.swift...[0m
[0;32m✓ Aucune fuite potentielle détectée dans ./Core/Utilities/Extensions/ViewExtensions.swift[0m
[0;36mAnalyse de ./Core/Utilities/Base/Combine+Async.swift...[0m
[0;34mSauvegarde créée: backups_memory_leaks_20250410_121215/Combine+Async.swift[0m
[0;32m✅ Corrigé 0/       2 fuites potentielles dans ./Core/Utilities/Base/Combine+Async.swift[0m
[0;36mAnalyse de ./Core/Persistence/CoreDataMigration.swift...[0m
[0;32m✓ Aucune fuite potentielle détectée dans ./Core/Persistence/CoreDataMigration.swift[0m
[0;36mAnalyse de ./Core/Persistence/CoreDataConversionUtils.swift...[0m
[0;32m✓ Aucune fuite potentielle détectée dans ./Core/Persistence/CoreDataConversionUtils.swift[0m
[0;36mAnalyse de ./Core/Protocols/CloudSyncServiceProtocol.swift...[0m
[0;32m✓ Aucune fuite potentielle détectée dans ./Core/Protocols/CloudSyncServiceProtocol.swift[0m
[0;36mAnalyse de ./Core/Services/Statistics/StatisticsServiceProtocol.swift...[0m
[0;32m✓ Aucune fuite potentielle détectée dans ./Core/Services/Statistics/StatisticsServiceProtocol.swift[0m
[0;36mAnalyse de ./Core/Services/Unified/UnifiedTagService.swift...[0m
[0;34mSauvegarde créée: backups_memory_leaks_20250410_121215/UnifiedTagService.swift[0m
[0;32m✅ Corrigé 1/       6 fuites potentielles dans ./Core/Services/Unified/UnifiedTagService.swift[0m
[0;36mAnalyse de ./Core/Services/Unified/UnifiedCardService.swift...[0m
[0;32m✓ Aucune fuite potentielle détectée dans ./Core/Services/Unified/UnifiedCardService.swift[0m
[0;36mAnalyse de ./Core/Services/Unified/UnifiedStudyService.swift...[0m
[0;32m✓ Aucune fuite potentielle détectée dans ./Core/Services/Unified/UnifiedStudyService.swift[0m
[0;36mAnalyse de ./Core/Services/Unified/UnifiedDeckService.swift...[0m
[0;32m✓ Aucune fuite potentielle détectée dans ./Core/Services/Unified/UnifiedDeckService.swift[0m
[0;36mAnalyse de ./Core/Services/Tags/TagService.swift...[0m
[0;32m✓ Aucune fuite potentielle détectée dans ./Core/Services/Tags/TagService.swift[0m
[0;36mAnalyse de ./Core/Services/Tags/TagItemAssociationService.swift...[0m
[0;32m✓ Aucune fuite potentielle détectée dans ./Core/Services/Tags/TagItemAssociationService.swift[0m
[0;36mAnalyse de ./Core/Services/Base/DataManagementService.swift...[0m
[0;32m✓ Aucune fuite potentielle détectée dans ./Core/Services/Base/DataManagementService.swift[0m
[0;36mAnalyse de ./Core/Services/Stats/StatisticsViewModel.swift...[0m
[0;32m✓ Aucune fuite potentielle détectée dans ./Core/Services/Stats/StatisticsViewModel.swift[0m
[0;36mAnalyse de ./Core/Services/Stats/StatisticsView.swift...[0m
[0;32m✓ Aucune fuite potentielle détectée dans ./Core/Services/Stats/StatisticsView.swift[0m
[0;36mAnalyse de ./App/AppStartup.swift...[0m
[0;32m✓ Aucune fuite potentielle détectée dans ./App/AppStartup.swift[0m
[0;36mAnalyse de ./App/AppMain.swift...[0m
[0;32m✓ Aucune fuite potentielle détectée dans ./App/AppMain.swift[0m
[0;36mAnalyse de ./analysis_tools/swift_coredata_diagnostic/CoreDataDiagnostic.swift...[0m
[0;32m✓ Aucune fuite potentielle détectée dans ./analysis_tools/swift_coredata_diagnostic/CoreDataDiagnostic.swift[0m
[0;34m
[1m🔍 Analyse des délégués sans weak...[0m[0m
[0;36mAnalyse de ./App/AppMain.swift...[0m
[0;34mSauvegarde créée: backups_memory_leaks_20250410_121215/AppMain.swift[0m
[0;32m✅ Ajout de weak à 0 délégués dans ./App/AppMain.swift[0m
[0;32m
[1m[0;32m=== CORRECTIONS TERMINÉES ===[0m[0m
[0;32m✅ 1/10 fuites potentielles corrigées dans 4/      19 fichiers[0m
[0;36m📝 Journal des modifications: logs/memory_leak_fixes_20250410_121215.log[0m
[0;36m📊 Rapport détaillé: backups_memory_leaks_20250410_121215/memory_leaks_report.md[0m
[0;36m💾 Les fichiers originaux ont été sauvegardés dans: backups_memory_leaks_20250410_121215[0m
[1;33m[1;33mNote: Certaines modifications complexes peuvent nécessiter une vérification manuelle.[0m[0m
[1;33m[1;33mNous vous recommandons de compiler et tester l'application après ces modifications.[0m[0m
